{"/home/anderson/work/desafio-andersonqxd-2025/src/abrigo-animais.js": {"path":"/home/anderson/work/desafio-andersonqxd-2025/src/abrigo-animais.js","all":false,"statementMap":{"0":{"start":{"line":1,"column":0},"end":{"line":1,"column":74}},"1":{"start":{"line":2,"column":0},"end":{"line":2,"column":0}},"2":{"start":{"line":3,"column":0},"end":{"line":3,"column":21}},"3":{"start":{"line":4,"column":0},"end":{"line":4,"column":0}},"4":{"start":{"line":5,"column":0},"end":{"line":5,"column":58}},"5":{"start":{"line":6,"column":0},"end":{"line":6,"column":96}},"6":{"start":{"line":7,"column":0},"end":{"line":7,"column":72}},"7":{"start":{"line":8,"column":0},"end":{"line":8,"column":31}},"8":{"start":{"line":9,"column":0},"end":{"line":9,"column":63}},"9":{"start":{"line":10,"column":0},"end":{"line":10,"column":5}},"10":{"start":{"line":11,"column":0},"end":{"line":11,"column":21}},"11":{"start":{"line":12,"column":0},"end":{"line":12,"column":3}},"12":{"start":{"line":13,"column":0},"end":{"line":13,"column":0}},"13":{"start":{"line":14,"column":0},"end":{"line":14,"column":54}},"14":{"start":{"line":15,"column":0},"end":{"line":15,"column":14}},"15":{"start":{"line":16,"column":0},"end":{"line":16,"column":47}},"16":{"start":{"line":17,"column":0},"end":{"line":17,"column":80}},"17":{"start":{"line":18,"column":0},"end":{"line":18,"column":5}},"18":{"start":{"line":19,"column":0},"end":{"line":19,"column":41}},"19":{"start":{"line":20,"column":0},"end":{"line":20,"column":3}},"20":{"start":{"line":21,"column":0},"end":{"line":21,"column":0}},"21":{"start":{"line":22,"column":0},"end":{"line":22,"column":71}},"22":{"start":{"line":23,"column":0},"end":{"line":23,"column":99}},"23":{"start":{"line":24,"column":0},"end":{"line":24,"column":0}},"24":{"start":{"line":25,"column":0},"end":{"line":25,"column":124}},"25":{"start":{"line":26,"column":0},"end":{"line":26,"column":55}},"26":{"start":{"line":27,"column":0},"end":{"line":27,"column":48}},"27":{"start":{"line":28,"column":0},"end":{"line":28,"column":0}},"28":{"start":{"line":29,"column":0},"end":{"line":29,"column":114}},"29":{"start":{"line":30,"column":0},"end":{"line":30,"column":63}},"30":{"start":{"line":31,"column":0},"end":{"line":31,"column":52}},"31":{"start":{"line":32,"column":0},"end":{"line":32,"column":0}},"32":{"start":{"line":33,"column":0},"end":{"line":33,"column":114}},"33":{"start":{"line":34,"column":0},"end":{"line":34,"column":63}},"34":{"start":{"line":35,"column":0},"end":{"line":35,"column":52}},"35":{"start":{"line":36,"column":0},"end":{"line":36,"column":4}},"36":{"start":{"line":37,"column":0},"end":{"line":37,"column":49}},"37":{"start":{"line":38,"column":0},"end":{"line":38,"column":30}},"38":{"start":{"line":39,"column":0},"end":{"line":39,"column":0}},"39":{"start":{"line":40,"column":0},"end":{"line":40,"column":51}},"40":{"start":{"line":41,"column":0},"end":{"line":41,"column":42}},"41":{"start":{"line":42,"column":0},"end":{"line":42,"column":52}},"42":{"start":{"line":43,"column":0},"end":{"line":43,"column":43}},"43":{"start":{"line":44,"column":0},"end":{"line":44,"column":0}},"44":{"start":{"line":45,"column":0},"end":{"line":45,"column":37}},"45":{"start":{"line":46,"column":0},"end":{"line":46,"column":41}},"46":{"start":{"line":47,"column":0},"end":{"line":47,"column":69}},"47":{"start":{"line":48,"column":0},"end":{"line":48,"column":110}},"48":{"start":{"line":49,"column":0},"end":{"line":49,"column":53}},"49":{"start":{"line":50,"column":0},"end":{"line":50,"column":78}},"50":{"start":{"line":51,"column":0},"end":{"line":51,"column":13}},"51":{"start":{"line":52,"column":0},"end":{"line":52,"column":9}},"52":{"start":{"line":53,"column":0},"end":{"line":53,"column":0}},"53":{"start":{"line":54,"column":0},"end":{"line":54,"column":41}},"54":{"start":{"line":55,"column":0},"end":{"line":55,"column":69}},"55":{"start":{"line":56,"column":0},"end":{"line":56,"column":110}},"56":{"start":{"line":57,"column":0},"end":{"line":57,"column":53}},"57":{"start":{"line":58,"column":0},"end":{"line":58,"column":78}},"58":{"start":{"line":59,"column":0},"end":{"line":59,"column":13}},"59":{"start":{"line":60,"column":0},"end":{"line":60,"column":9}},"60":{"start":{"line":61,"column":0},"end":{"line":61,"column":34}},"61":{"start":{"line":62,"column":0},"end":{"line":62,"column":8}},"62":{"start":{"line":63,"column":0},"end":{"line":63,"column":31}},"63":{"start":{"line":64,"column":0},"end":{"line":64,"column":67}},"64":{"start":{"line":65,"column":0},"end":{"line":65,"column":28}},"65":{"start":{"line":66,"column":0},"end":{"line":66,"column":69}},"66":{"start":{"line":67,"column":0},"end":{"line":67,"column":44}},"67":{"start":{"line":68,"column":0},"end":{"line":68,"column":28}},"68":{"start":{"line":69,"column":0},"end":{"line":69,"column":69}},"69":{"start":{"line":70,"column":0},"end":{"line":70,"column":44}},"70":{"start":{"line":71,"column":0},"end":{"line":71,"column":16}},"71":{"start":{"line":72,"column":0},"end":{"line":72,"column":67}},"72":{"start":{"line":73,"column":0},"end":{"line":73,"column":9}},"73":{"start":{"line":74,"column":0},"end":{"line":74,"column":5}},"74":{"start":{"line":75,"column":0},"end":{"line":75,"column":4}},"75":{"start":{"line":76,"column":0},"end":{"line":76,"column":26}},"76":{"start":{"line":77,"column":0},"end":{"line":77,"column":37}},"77":{"start":{"line":78,"column":0},"end":{"line":78,"column":3}},"78":{"start":{"line":79,"column":0},"end":{"line":79,"column":1}},"79":{"start":{"line":80,"column":0},"end":{"line":80,"column":0}},"80":{"start":{"line":81,"column":0},"end":{"line":81,"column":42}}},"s":{"0":1,"1":1,"2":1,"3":1,"4":1,"5":7,"6":7,"7":7,"8":17,"9":17,"10":6,"11":6,"12":1,"13":1,"14":12,"15":12,"16":32,"17":32,"18":12,"19":12,"20":1,"21":1,"22":3,"23":3,"24":3,"25":3,"26":2,"27":2,"28":2,"29":3,"30":2,"31":2,"32":2,"33":3,"34":2,"35":2,"36":2,"37":2,"38":2,"39":3,"40":6,"41":6,"42":6,"43":6,"44":6,"45":6,"46":6,"47":0,"48":6,"49":6,"50":6,"51":6,"52":6,"53":6,"54":6,"55":0,"56":6,"57":6,"58":6,"59":6,"60":6,"61":6,"62":6,"63":1,"64":6,"65":1,"66":1,"67":5,"68":1,"69":1,"70":4,"71":3,"72":3,"73":6,"74":6,"75":6,"76":6,"77":6,"78":1,"79":1,"80":1},"branchMap":{"0":{"type":"branch","line":5,"loc":{"start":{"line":5,"column":2},"end":{"line":12,"column":3}},"locations":[{"start":{"line":5,"column":2},"end":{"line":12,"column":3}}]},"1":{"type":"branch","line":7,"loc":{"start":{"line":7,"column":46},"end":{"line":7,"column":72}},"locations":[{"start":{"line":7,"column":46},"end":{"line":7,"column":72}}]},"2":{"type":"branch","line":8,"loc":{"start":{"line":8,"column":30},"end":{"line":10,"column":5}},"locations":[{"start":{"line":8,"column":30},"end":{"line":10,"column":5}}]},"3":{"type":"branch","line":9,"loc":{"start":{"line":9,"column":37},"end":{"line":9,"column":63}},"locations":[{"start":{"line":9,"column":37},"end":{"line":9,"column":63}}]},"4":{"type":"branch","line":10,"loc":{"start":{"line":10,"column":4},"end":{"line":12,"column":3}},"locations":[{"start":{"line":10,"column":4},"end":{"line":12,"column":3}}]},"5":{"type":"branch","line":6,"loc":{"start":{"line":6,"column":45},"end":{"line":6,"column":78}},"locations":[{"start":{"line":6,"column":45},"end":{"line":6,"column":78}}]},"6":{"type":"branch","line":14,"loc":{"start":{"line":14,"column":2},"end":{"line":20,"column":3}},"locations":[{"start":{"line":14,"column":2},"end":{"line":20,"column":3}}]},"7":{"type":"branch","line":16,"loc":{"start":{"line":16,"column":46},"end":{"line":18,"column":5}},"locations":[{"start":{"line":16,"column":46},"end":{"line":18,"column":5}}]},"8":{"type":"branch","line":17,"loc":{"start":{"line":17,"column":76},"end":{"line":17,"column":80}},"locations":[{"start":{"line":17,"column":76},"end":{"line":17,"column":80}}]},"9":{"type":"branch","line":22,"loc":{"start":{"line":22,"column":2},"end":{"line":78,"column":3}},"locations":[{"start":{"line":22,"column":2},"end":{"line":78,"column":3}}]},"10":{"type":"branch","line":26,"loc":{"start":{"line":26,"column":31},"end":{"line":26,"column":55}},"locations":[{"start":{"line":26,"column":31},"end":{"line":26,"column":55}}]},"11":{"type":"branch","line":26,"loc":{"start":{"line":26,"column":54},"end":{"line":30,"column":35}},"locations":[{"start":{"line":26,"column":54},"end":{"line":30,"column":35}}]},"12":{"type":"branch","line":30,"loc":{"start":{"line":30,"column":35},"end":{"line":30,"column":63}},"locations":[{"start":{"line":30,"column":35},"end":{"line":30,"column":63}}]},"13":{"type":"branch","line":30,"loc":{"start":{"line":30,"column":62},"end":{"line":34,"column":35}},"locations":[{"start":{"line":30,"column":62},"end":{"line":34,"column":35}}]},"14":{"type":"branch","line":34,"loc":{"start":{"line":34,"column":35},"end":{"line":34,"column":63}},"locations":[{"start":{"line":34,"column":35},"end":{"line":34,"column":63}}]},"15":{"type":"branch","line":34,"loc":{"start":{"line":34,"column":62},"end":{"line":40,"column":50}},"locations":[{"start":{"line":34,"column":62},"end":{"line":40,"column":50}}]},"16":{"type":"branch","line":40,"loc":{"start":{"line":40,"column":50},"end":{"line":78,"column":3}},"locations":[{"start":{"line":40,"column":50},"end":{"line":78,"column":3}}]},"17":{"type":"branch","line":47,"loc":{"start":{"line":47,"column":42},"end":{"line":49,"column":13}},"locations":[{"start":{"line":47,"column":42},"end":{"line":49,"column":13}}]},"18":{"type":"branch","line":55,"loc":{"start":{"line":55,"column":42},"end":{"line":57,"column":13}},"locations":[{"start":{"line":55,"column":42},"end":{"line":57,"column":13}}]},"19":{"type":"branch","line":63,"loc":{"start":{"line":63,"column":18},"end":{"line":63,"column":28}},"locations":[{"start":{"line":63,"column":18},"end":{"line":63,"column":28}}]},"20":{"type":"branch","line":63,"loc":{"start":{"line":63,"column":30},"end":{"line":65,"column":9}},"locations":[{"start":{"line":63,"column":30},"end":{"line":65,"column":9}}]},"21":{"type":"branch","line":65,"loc":{"start":{"line":65,"column":9},"end":{"line":73,"column":9}},"locations":[{"start":{"line":65,"column":9},"end":{"line":73,"column":9}}]},"22":{"type":"branch","line":65,"loc":{"start":{"line":65,"column":27},"end":{"line":68,"column":9}},"locations":[{"start":{"line":65,"column":27},"end":{"line":68,"column":9}}]},"23":{"type":"branch","line":68,"loc":{"start":{"line":68,"column":9},"end":{"line":73,"column":9}},"locations":[{"start":{"line":68,"column":9},"end":{"line":73,"column":9}}]},"24":{"type":"branch","line":68,"loc":{"start":{"line":68,"column":27},"end":{"line":71,"column":9}},"locations":[{"start":{"line":68,"column":27},"end":{"line":71,"column":9}}]},"25":{"type":"branch","line":71,"loc":{"start":{"line":71,"column":9},"end":{"line":73,"column":9}},"locations":[{"start":{"line":71,"column":9},"end":{"line":73,"column":9}}]},"26":{"type":"branch","line":23,"loc":{"start":{"line":23,"column":68},"end":{"line":23,"column":81}},"locations":[{"start":{"line":23,"column":68},"end":{"line":23,"column":81}}]}},"b":{"0":[7],"1":[0],"2":[17],"3":[1],"4":[6],"5":[17],"6":[12],"7":[32],"8":[13],"9":[3],"10":[1],"11":[2],"12":[0],"13":[2],"14":[0],"15":[2],"16":[6],"17":[0],"18":[0],"19":[2],"20":[1],"21":[5],"22":[1],"23":[4],"24":[1],"25":[3],"26":[7]},"fnMap":{"0":{"name":"_processarInput","decl":{"start":{"line":5,"column":2},"end":{"line":12,"column":3}},"loc":{"start":{"line":5,"column":2},"end":{"line":12,"column":3}},"line":5},"1":{"name":"_eSubsequencia","decl":{"start":{"line":14,"column":2},"end":{"line":20,"column":3}},"loc":{"start":{"line":14,"column":2},"end":{"line":20,"column":3}},"line":14},"2":{"name":"encontraPessoas","decl":{"start":{"line":22,"column":2},"end":{"line":78,"column":3}},"loc":{"start":{"line":22,"column":2},"end":{"line":78,"column":3}},"line":22}},"f":{"0":7,"1":12,"2":3}}
,"/home/anderson/work/desafio-andersonqxd-2025/src/dados-animais.js": {"path":"/home/anderson/work/desafio-andersonqxd-2025/src/dados-animais.js","all":false,"statementMap":{"0":{"start":{"line":1,"column":0},"end":{"line":1,"column":34}},"1":{"start":{"line":2,"column":0},"end":{"line":2,"column":78}},"2":{"start":{"line":3,"column":0},"end":{"line":3,"column":82}},"3":{"start":{"line":4,"column":0},"end":{"line":4,"column":90}},"4":{"start":{"line":5,"column":0},"end":{"line":5,"column":81}},"5":{"start":{"line":6,"column":0},"end":{"line":6,"column":83}},"6":{"start":{"line":7,"column":0},"end":{"line":7,"column":89}},"7":{"start":{"line":8,"column":0},"end":{"line":8,"column":83}},"8":{"start":{"line":9,"column":0},"end":{"line":9,"column":2}},"9":{"start":{"line":10,"column":0},"end":{"line":10,"column":0}},"10":{"start":{"line":11,"column":0},"end":{"line":11,"column":45}},"11":{"start":{"line":12,"column":0},"end":{"line":12,"column":41}},"12":{"start":{"line":13,"column":0},"end":{"line":13,"column":73}},"13":{"start":{"line":14,"column":0},"end":{"line":14,"column":2}}},"s":{"0":1,"1":1,"2":1,"3":1,"4":1,"5":1,"6":1,"7":1,"8":1,"9":1,"10":1,"11":1,"12":1,"13":1},"branchMap":{"0":{"type":"branch","line":13,"loc":{"start":{"line":13,"column":45},"end":{"line":13,"column":72}},"locations":[{"start":{"line":13,"column":45},"end":{"line":13,"column":72}}]}},"b":{"0":[7]},"fnMap":{},"f":{}}
}
