TN:
SF:src/abrigo-animais.js
FN:5,_processarInput
FN:14,_eSubsequencia
FN:22,encontraPessoas
FNF:3
FNH:3
FNDA:7,_processarInput
FNDA:12,_eSubsequencia
FNDA:3,encontraPessoas
DA:1,1
DA:2,1
DA:3,1
DA:4,1
DA:5,1
DA:6,7
DA:7,7
DA:8,7
DA:9,17
DA:10,17
DA:11,6
DA:12,6
DA:13,1
DA:14,1
DA:15,12
DA:16,12
DA:17,32
DA:18,32
DA:19,12
DA:20,12
DA:21,1
DA:22,1
DA:23,3
DA:24,3
DA:25,3
DA:26,3
DA:27,2
DA:28,2
DA:29,2
DA:30,3
DA:31,2
DA:32,2
DA:33,2
DA:34,3
DA:35,2
DA:36,2
DA:37,2
DA:38,2
DA:39,2
DA:40,3
DA:41,6
DA:42,6
DA:43,6
DA:44,6
DA:45,6
DA:46,6
DA:47,6
DA:48,0
DA:49,6
DA:50,6
DA:51,6
DA:52,6
DA:53,6
DA:54,6
DA:55,6
DA:56,0
DA:57,6
DA:58,6
DA:59,6
DA:60,6
DA:61,6
DA:62,6
DA:63,6
DA:64,1
DA:65,6
DA:66,1
DA:67,1
DA:68,5
DA:69,1
DA:70,1
DA:71,4
DA:72,3
DA:73,3
DA:74,6
DA:75,6
DA:76,6
DA:77,6
DA:78,6
DA:79,1
DA:80,1
DA:81,1
LF:81
LH:79
BRDA:5,0,0,7
BRDA:7,1,0,0
BRDA:8,2,0,17
BRDA:9,3,0,1
BRDA:10,4,0,6
BRDA:6,5,0,17
BRDA:14,6,0,12
BRDA:16,7,0,32
BRDA:17,8,0,13
BRDA:22,9,0,3
BRDA:26,10,0,1
BRDA:26,11,0,2
BRDA:30,12,0,0
BRDA:30,13,0,2
BRDA:34,14,0,0
BRDA:34,15,0,2
BRDA:40,16,0,6
BRDA:47,17,0,0
BRDA:55,18,0,0
BRDA:63,19,0,2
BRDA:63,20,0,1
BRDA:65,21,0,5
BRDA:65,22,0,1
BRDA:68,23,0,4
BRDA:68,24,0,1
BRDA:71,25,0,3
BRDA:23,26,0,7
BRF:27
BRH:22
end_of_record
TN:
SF:src/dados-animais.js
FNF:0
FNH:0
DA:1,1
DA:2,1
DA:3,1
DA:4,1
DA:5,1
DA:6,1
DA:7,1
DA:8,1
DA:9,1
DA:10,1
DA:11,1
DA:12,1
DA:13,1
DA:14,1
LF:14
LH:14
BRDA:13,0,0,7
BRF:1
BRH:1
end_of_record
